<?xml version="1.0" encoding="UTF-8"?>
<!-- Generated by org.testng.reporters.JUnitReportReporter -->
<testsuite hostname="sairaasi" failures="1" tests="11" name="com.runner.ParallerRunner" time="218.257" errors="0" timestamp="2024-11-13T18:22:46 IST" skipped="0">
  <testcase classname="com.runner.ParallerRunner" name="runScenario" time="6.144">
    <system-out>
      <![CDATA[navigated to the redbus
language changed ]]>
    </system-out>
  </testcase> <!-- runScenario -->
  <testcase classname="com.runner.ParallerRunner" name="runScenario" time="15.180">
    <system-out>
      <![CDATA[navigated to the redbus
bus ticket page navigated
relavent information is dispalyed
Sucessfully clicked on booking]]>
    </system-out>
  </testcase> <!-- runScenario -->
  <testcase classname="com.runner.ParallerRunner" name="runScenario" time="78.191">
    <system-out>
      <![CDATA[navigated to the redbus
user clicked on account 
user clicked on login 
user entred phone number
user generated otp
User Sucessfully login
bus ticket page navigated]]>
    </system-out>
  </testcase> <!-- runScenario -->
  <testcase classname="com.runner.ParallerRunner" name="runScenario" time="16.912">
    <system-out>
      <![CDATA[navigated to the redbus
sucessfully clicked on viewAll
Sucessfully navigated to the all the RTC Operator directories page
Sucessfully clicked on PEPSU link 
Sucessfully navigated to PEPSU Page
sucessfully clicked 
Sucessfully navigated]]>
    </system-out>
  </testcase> <!-- runScenario -->
  <testcase classname="com.runner.ParallerRunner" name="runScenario" time="20.309">
    <system-out>
      <![CDATA[navigated to the redbus
bus ticket page navigated
Sucessfully got revalent information ]]>
    </system-out>
  </testcase> <!-- runScenario -->
  <testcase classname="com.runner.ParallerRunner" name="runScenario" time="10.054">
    <system-out>
      <![CDATA[navigated to the redbus
sucessfuly clicked on frequent asked questions
Sucessfully navigated to the page
Sucessfully clicked on ticket related link
Sucessfully clicked on Refund Relatedlink
Sucessfully clicked on Cancellation Related link
sucessfuly clicked on terms and conditions
sucessfuly navigated to terms and policy page
sucessfuly clicked on user agreement page
sucessfuly navigated to user Agreement]]>
    </system-out>
  </testcase> <!-- runScenario -->
  <testcase classname="com.runner.ParallerRunner" name="runScenario" time="6.347">
    <failure message="expected [true] but found [false]" type="java.lang.AssertionError">
      <![CDATA[java.lang.AssertionError: expected [true] but found [false]
at org.testng.Assert.fail(Assert.java:111)
at org.testng.Assert.failNotEquals(Assert.java:1578)
at org.testng.Assert.assertTrue(Assert.java:57)
at org.testng.Assert.assertTrue(Assert.java:67)
at com.stepDefinition.Language.user_should_able_to_see_the_information_in_relavent_language(Language.java:54)
at ✽.user should able to see the information in relavent language(file:///C:/Users/saira/eclipse-workspace/Testing_redbus/./src/test/resources/redbusfeature/language.feature:5)
]]>
    </failure>
    <system-out>
      <![CDATA[navigated to the redbus
language changed ]]>
    </system-out>
  </testcase> <!-- runScenario -->
  <testcase classname="com.runner.ParallerRunner" name="runScenario" time="16.289">
    <system-out>
      <![CDATA[navigated to the redbus
user navigate to offer
user navigates to bus offer
user navigates to bus offer
user sucessfully came back to offers page]]>
    </system-out>
  </testcase> <!-- runScenario -->
  <testcase classname="com.runner.ParallerRunner" name="runScenario" time="6.294">
    <system-out>
      <![CDATA[navigated to the redbus
language changed ]]>
    </system-out>
  </testcase> <!-- runScenario -->
  <testcase classname="com.runner.ParallerRunner" name="runScenario" time="21.384">
    <system-out>
      <![CDATA[navigated to the redbus
bus ticket page navigated
Sucessfully clicked on Colombia
Sucessfully navigated to colombia
relavent information ]]>
    </system-out>
  </testcase> <!-- runScenario -->
  <testcase classname="com.runner.ParallerRunner" name="runScenario" time="21.153">
    <system-out>
      <![CDATA[navigated to the redbus
bus ticket page navigated
information displayed in english
relavent information is dispalyed]]>
    </system-out>
  </testcase> <!-- runScenario -->
  <system-out>
    <![CDATA[navigated to the redbus
sucessfully clicked on viewAll
navigated to the redbus
user clicked on account 
user clicked on login 
Sucessfully navigated to the all the RTC Operator directories page
Sucessfully clicked on PEPSU link 
Sucessfully navigated to PEPSU Page
sucessfully clicked 
Sucessfully navigated
navigated to the redbus
sucessfuly clicked on frequent asked questions
Sucessfully navigated to the page
Sucessfully clicked on ticket related link
Sucessfully clicked on Refund Relatedlink
Sucessfully clicked on Cancellation Related link
sucessfuly clicked on terms and conditions
sucessfuly navigated to terms and policy page
sucessfuly clicked on user agreement page
sucessfuly navigated to user Agreement
navigated to the redbus
language changed 
navigated to the redbus
language changed 
user entred phone number
navigated to the redbus
language changed 
navigated to the redbus
bus ticket page navigated
Sucessfully clicked on Colombia
Sucessfully navigated to colombia
relavent information 
navigated to the redbus
user generated otp
bus ticket page navigated
User Sucessfully login
bus ticket page navigated
navigated to the redbus
Sucessfully got revalent information 
bus ticket page navigated
navigated to the redbus
bus ticket page navigated
information displayed in english
relavent information is dispalyed
relavent information is dispalyed
Sucessfully clicked on booking
navigated to the redbus
user navigate to offer
user navigates to bus offer
user navigates to bus offer
user sucessfully came back to offers page]]>
  </system-out>
</testsuite> <!-- com.runner.ParallerRunner -->
